<?xml version="1.0" encoding="UTF-8" ?>
<testsuite tests="7" failures="0" name="com.Assignment1Hibernate.Hibernate.Sample.AccountServiceTest" time="3.58" errors="0" skipped="0">
  <properties>
[...]
</properties>
  <testcase classname="com.Assignment1Hibernate.Hibernate.Sample.AccountServiceTest" name="testAddressDaoObject" time="0"/>
  <testcase classname="com.Assignment1Hibernate.Hibernate.Sample.AccountServiceTest" name="findAll" time="2.281"/>
  <testcase classname="com.Assignment1Hibernate.Hibernate.Sample.AccountServiceTest" name="testFindById" time="0.171"/>
  <testcase classname="com.Assignment1Hibernate.Hibernate.Sample.AccountServiceTest" name="testDeleteAll" time="0.558"/>
  <testcase classname="com.Assignment1Hibernate.Hibernate.Sample.AccountServiceTest" name="testPersists" time="0.156"/>
  <testcase classname="com.Assignment1Hibernate.Hibernate.Sample.AccountServiceTest" name="testDelete" time="0.188"/>
  <testcase classname="com.Assignment1Hibernate.Hibernate.Sample.AccountServiceTest" name="testUpdate" time="0.226"/>
</testsuite>